<?xml version="1.0" encoding="UTF-8"?>
<testsuite xmlns:xsi="http://www.w3.org/2001/XMLSchema-instance" xsi:noNamespaceSchemaLocation="https://maven.apache.org/surefire/maven-surefire-plugin/xsd/surefire-test-report-3.0.xsd" version="3.0" name="com.example.addressbook.ContactManagerTest" time="0.335" tests="18" errors="0" skipped="0" failures="0">
  <properties>
[...]
</properties>
  <testcase name="testSearchPartialQuery" classname="com.example.addressbook.ContactManagerTest" time="0.062"/>
  <testcase name="testSearchByFirstnameCorrectNumberNormalCase" classname="com.example.addressbook.ContactManagerTest" time="0.002"/>
  <testcase name="testSearchByFirstnameMultipleMatchingContacts" classname="com.example.addressbook.ContactManagerTest" time="0.001"/>
  <testcase name="testSearchByEmail" classname="com.example.addressbook.ContactManagerTest" time="0.001"/>
  <testcase name="testSearchByPhone" classname="com.example.addressbook.ContactManagerTest" time="0.007"/>
  <testcase name="testSearchByPhoneCorrectNumber" classname="com.example.addressbook.ContactManagerTest" time="0.001"/>
  <testcase name="testReturnAllContactsWithEmptySearchQuery" classname="com.example.addressbook.ContactManagerTest" time="0.001"/>
  <testcase name="testSearchNoResults" classname="com.example.addressbook.ContactManagerTest" time="0.001"/>
  <testcase name="testSearchByFirstnameCorrectNumberLowerCase" classname="com.example.addressbook.ContactManagerTest" time="0.001"/>
  <testcase name="testSearchByEmailCorrectNumber" classname="com.example.addressbook.ContactManagerTest" time="0.0"/>
  <testcase name="testSearchByLastnameCorrectNumber" classname="com.example.addressbook.ContactManagerTest" time="0.0"/>
  <testcase name="testSearchByFirstnameCorrectNumberUpperCase" classname="com.example.addressbook.ContactManagerTest" time="0.001"/>
  <testcase name="testSearchByFullName" classname="com.example.addressbook.ContactManagerTest" time="0.001"/>
  <testcase name="testSearchCaseInsensitive" classname="com.example.addressbook.ContactManagerTest" time="0.001"/>
  <testcase name="testNumberSearchCaseInsensitive" classname="com.example.addressbook.ContactManagerTest" time="0.0"/>
  <testcase name="testReturnAllContactsWithNullSearchQuery" classname="com.example.addressbook.ContactManagerTest" time="0.0"/>
  <testcase name="testSearchEmptyContacts" classname="com.example.addressbook.ContactManagerTest" time="0.001"/>
  <testcase name="testSearchByEmailSameSection" classname="com.example.addressbook.ContactManagerTest" time="0.001"/>
</testsuite>